C51 COMPILER V9.60.0.0   DIGITAL_CLOCK                                                     04/12/2022 12:46:52 PAGE 1   


C51 COMPILER V9.60.0.0, COMPILATION OF MODULE DIGITAL_CLOCK
OBJECT MODULE PLACED IN .\Objects\Digital-Clock.obj
COMPILER INVOKED BY: D:\KEIL\C51\BIN\C51.EXE Digital-Clock.c OPTIMIZE(8,SPEED) BROWSE DEBUG OBJECTEXTEND PRINT(.\Listing
                    -s\Digital-Clock.lst) TABS(2) OBJECT(.\Objects\Digital-Clock.obj)

line level    source

   1          #include<reg51.h>
   2          #include<string.h>
   3          #define lcd P3
   4          sbit rs=P2^0;
   5          sbit e=P2^1;
   6          
   7          sbit c=P0^0;
   8          sbit d=P0^1;
   9          
  10          void delay (int);
  11          void cmd (unsigned char);
  12          void display (unsigned char);
  13          void string (char *);
  14          void init (void);
  15          
  16          void i2c_start (void);
  17          void i2c_stop (void);
  18          void i2c_write (unsigned char);
  19          unsigned char i2c_read (void);
  20          void i2c_ack (void);
  21          void i2c_noack (void);
  22          void write (unsigned char, unsigned char, unsigned char);
  23          unsigned char read (unsigned char, unsigned char);
  24          void set_time (unsigned char, unsigned char, unsigned char);
  25          
  26          
  27          int no[10]={48,49,50,51,52,53,54,55,56,57};
  28          unsigned int temp1[3]=0;
  29          
  30          void delay (int d)
  31          {
  32   1        unsigned char i=0;
  33   1        for(;d>0;d--)
  34   1        {
  35   2          for(i=250;i>0;i--);
  36   2          for(i=248;i>0;i--);
  37   2        }
  38   1      }
  39          
  40          void cmd (unsigned char c)
  41          {
  42   1        lcd=c;
  43   1        rs=0;
  44   1        e=1;
  45   1        delay(5);
  46   1        e=0;
  47   1      }
  48          void display (unsigned char c)
  49          {
  50   1        lcd=c;
  51   1        rs=1;
  52   1        e=1;
  53   1        delay(5);
  54   1        e=0;
C51 COMPILER V9.60.0.0   DIGITAL_CLOCK                                                     04/12/2022 12:46:52 PAGE 2   

  55   1      }
  56          void string (char *p)
  57          {
  58   1        while(*p)
  59   1        {
  60   2          display(*p++);
  61   2        }
  62   1      }
  63          void init (void)
  64          {
  65   1        cmd(0x38);
  66   1        cmd(0x0c);
  67   1        cmd(0x01);
  68   1        cmd(0x80);
  69   1      }
  70          
  71          
  72          void i2c_start (void)
  73          {
  74   1        c=1;
  75   1        d=1;
  76   1        delay(1);
  77   1        d=0;
  78   1        delay(1);
  79   1      }
  80          
  81          void i2c_stop (void)
  82          {
  83   1        c=0;
  84   1          delay(1);
  85   1        d=0;
  86   1          delay(1);
  87   1        c=1;
  88   1          delay(1);
  89   1        d=1;
  90   1          delay(1);
  91   1      }
  92          void i2c_write (unsigned char a)
  93          {
  94   1        char j;
  95   1        for(j=0;j<8;j++)
  96   1        {
  97   2          c=0;
  98   2          d=(a&0x80>>j)?1:0;
  99   2          c=1;
 100   2        }
 101   1      }
 102          unsigned char i2c_read (void)
 103          {
 104   1        char j;
 105   1        unsigned char temp=0;
 106   1        for(j=0;j<8;j++)
 107   1        {
 108   2          c=0;
 109   2          if(d)
 110   2           temp=temp|(0x80>>j);
 111   2          c=1;
 112   2        }
 113   1        return temp;
 114   1      }
 115          void i2c_ack (void)
 116          {
C51 COMPILER V9.60.0.0   DIGITAL_CLOCK                                                     04/12/2022 12:46:52 PAGE 3   

 117   1        c=0;
 118   1        delay(1);
 119   1        d=1;
 120   1        delay(1);
 121   1        c=1;
 122   1        delay(1);
 123   1        while(d==1);
 124   1        c=0;
 125   1        delay(1);
 126   1      }
 127          void i2c_noack (void)
 128          {
 129   1        c=0;
 130   1        delay(1);
 131   1        d=1;
 132   1        delay(1);
 133   1        c=1;
 134   1        delay(1);
 135   1        
 136   1      }
 137          
 138          void write (unsigned char sa, unsigned char w_addr, unsigned char dat)
 139          {
 140   1        i2c_start();
 141   1        i2c_write(sa);
 142   1        i2c_ack();
 143   1        i2c_write(w_addr);
 144   1        i2c_ack();
 145   1        i2c_write(dat);
 146   1        i2c_ack();
 147   1        i2c_stop();
 148   1        delay(10);
 149   1      }
 150          unsigned char read (unsigned char sa, unsigned char w_addr)
 151          {
 152   1        unsigned char buf=0;
 153   1        i2c_start();  
 154   1        i2c_write(sa);
 155   1        i2c_ack();
 156   1        i2c_write(w_addr);
 157   1        i2c_ack();
 158   1        i2c_start();
 159   1        i2c_write(sa|0x01);
 160   1        i2c_ack();
 161   1        buf=i2c_read();
 162   1        i2c_noack();
 163   1        i2c_stop();
 164   1        return buf;
 165   1      }
 166          void set_time (unsigned char hour, unsigned char min, unsigned char sec)
 167          {
 168   1        unsigned int temp[3];
 169   1        temp[0]=(((unsigned char)(sec/10))<<4)|((unsigned char)(sec%10));
 170   1        temp[1]=(((unsigned char)(min/10))<<4)|((unsigned char)(min%10));
 171   1        temp[2]=(((unsigned char)(hour/10))<<4)|((unsigned char)(hour%10));
 172   1        write(0xd0,0x00,temp[0]);
 173   1        write(0xd0,0x01,temp[1]);
 174   1        write(0xd0,0x02,temp[2]);
 175   1      }
 176          
 177          
 178          void main()
C51 COMPILER V9.60.0.0   DIGITAL_CLOCK                                                     04/12/2022 12:46:52 PAGE 4   

 179          {
 180   1        unsigned char temp=0;
 181   1        init();
 182   1        string("  Digital Clock ");
 183   1        cmd(0xc0);
 184   1        string("   using 8051   ");
 185   1          
 186   1        delay(3000);
 187   1        cmd(0x01);
 188   1        set_time(12,59,51);
 189   1        delay(500);
 190   1        while(1)
 191   1        {
 192   2        cmd(0x80);
 193   2        temp=read(0xd0,0x00);
 194   2        temp1[0]=((temp&0x7F)>>4)*10 + (temp&0x0F);
 195   2        temp=read(0xd0,0x01);
 196   2        temp1[1]=(temp>>4)*10 + (temp&0x0F);
 197   2        temp=read(0xd0,0x02); 
 198   2        temp1[2]=(temp>>4)*10 + (temp&0x0F);
 199   2          
 200   2             display(no[(temp1[2]/10)%10]);
 201   2             display(no[temp1[2]%10]);
 202   2             display(':');
 203   2             display(no[(temp1[1]/10)%10]);
 204   2             display(no[temp1[1]%10]);
 205   2             display(':');
 206   2             display(no[(temp1[0]/10)%10]);
 207   2             display(no[temp1[0]%10]);
 208   2          
 209   2        }
 210   1        while(1);
 211   1      }


MODULE INFORMATION:   STATIC OVERLAYABLE
   CODE SIZE        =    761    ----
   CONSTANT SIZE    =     34    ----
   XDATA SIZE       =   ----    ----
   PDATA SIZE       =   ----    ----
   DATA SIZE        =     26      10
   IDATA SIZE       =   ----    ----
   BIT SIZE         =   ----    ----
END OF MODULE INFORMATION.


C51 COMPILATION COMPLETE.  0 WARNING(S),  0 ERROR(S)
